[0m[[0m[0mdebug[0m] [0m[0m> Exec(run, Some(7133be70-bafb-4723-b960-c9be52e2279a), Some(CommandSource(console0)))[0m
[0m[[0m[0mdebug[0m] [0m[0mEvaluating tasks: Compile / run[0m
[0m[[0m[0mdebug[0m] [0m[0mRunning task... Cancel: Signal, check cycles: false, forcegc: true[0m
[0m[[0m[0minfo[0m] [0m[0mcompiling 6 Scala sources to /home/marwandr/Uni/chip8/target/scala-2.13/classes ...[0m
[0m[[0m[31merror[0m] [0m[0m/home/marwandr/Uni/chip8/chip8.scala:5:1: expected class or object definition[0m
[0m[[0m[31merror[0m] [0m[0mval SCREEN_WIDTH = 64[0m
[0m[[0m[31merror[0m] [0m[0m^[0m
[0m[[0m[31merror[0m] [0m[0m/home/marwandr/Uni/chip8/chip8.scala:6:1: expected class or object definition[0m
[0m[[0m[31merror[0m] [0m[0mval SCREEN_HEIGHT = 32[0m
[0m[[0m[31merror[0m] [0m[0m^[0m
[0m[[0m[31merror[0m] [0m[0m/home/marwandr/Uni/chip8/chip8.scala:9:1: expected class or object definition[0m
[0m[[0m[31merror[0m] [0m[0mval initialMemory = new Array[Byte](4096) // CHIP-8 has 4KB of memory[0m
[0m[[0m[31merror[0m] [0m[0m^[0m
[0m[[0m[31merror[0m] [0m[0m/home/marwandr/Uni/chip8/chip8.scala:10:1: expected class or object definition[0m
[0m[[0m[31merror[0m] [0m[0mval initialRegisters = new Array[Byte](16) // CHIP-8 has 16 registers[0m
[0m[[0m[31merror[0m] [0m[0m^[0m
[0m[[0m[31merror[0m] [0m[0m/home/marwandr/Uni/chip8/chip8.scala:11:1: expected class or object definition[0m
[0m[[0m[31merror[0m] [0m[0mval initialStack = new Array[Short](16) // CHIP-8 has 16 levels of stack[0m
[0m[[0m[31merror[0m] [0m[0m^[0m
[0m[[0m[31merror[0m] [0m[0m/home/marwandr/Uni/chip8/chip8.scala:12:1: expected class or object definition[0m
[0m[[0m[31merror[0m] [0m[0mval initialFramebuffer = new Array[Byte](SCREEN_WIDTH * SCREEN_HEIGHT)[0m
[0m[[0m[31merror[0m] [0m[0m^[0m
[0m[[0m[31merror[0m] [0m[0m/home/marwandr/Uni/chip8/chip8.scala:15:1: expected class or object definition[0m
[0m[[0m[31merror[0m] [0m[0mval context = chipContext([0m
[0m[[0m[31merror[0m] [0m[0m^[0m
[0m[[0m[31merror[0m] [0m[0m/home/marwandr/Uni/chip8/chipContext.scala:15:1: expected class or object definition[0m
[0m[[0m[31merror[0m] [0m[0mdef drawSprite(context: chipContext, x: Int, y: Int, sprite: Array[Byte]): Unit = {[0m
[0m[[0m[31merror[0m] [0m[0m^[0m
[0m[[0m[31merror[0m] [0m[0m/home/marwandr/Uni/chip8/executeInstr.scala:3:1: expected class or object definition[0m
[0m[[0m[31merror[0m] [0m[0mdef executeInstr(context: chipContext): Unit = {[0m
[0m[[0m[31merror[0m] [0m[0m^[0m
[0m[[0m[31merror[0m] [0m[0m/home/marwandr/Uni/chip8/loadrom.scala:5:1: expected class or object definition[0m
[0m[[0m[31merror[0m] [0m[0mdef loadRom(filePath: String, context: chipContext): Unit = {[0m
[0m[[0m[31merror[0m] [0m[0m^[0m
[0m[[0m[31merror[0m] [0m[0m/home/marwandr/Uni/chip8/main.scala:7:1: expected class or object definition[0m
[0m[[0m[31merror[0m] [0m[0mdef mainLoop(): Unit = {[0m
[0m[[0m[31merror[0m] [0m[0m^[0m
[0m[[0m[31merror[0m] [0m[0m/home/marwandr/Uni/chip8/main.scala:17:1: expected class or object definition[0m
[0m[[0m[31merror[0m] [0m[0mFuture {[0m
[0m[[0m[31merror[0m] [0m[0m^[0m
[0m[[0m[31merror[0m] [0m[0m12 errors found[0m
[0m[[0m[31merror[0m] [0m[0m(Compile / [31mcompileIncremental[0m) Compilation failed[0m
[0m[[0m[31merror[0m] [0m[0mTotal time: 0 s, completed Oct 9, 2024, 3:11:32 PM[0m
[0m[[0m[0mdebug[0m] [0m[0m> Exec(shell, None, None)[0m
[0m[[0m[0minfo[0m] [0m[0mshutting down sbt server[0m
