[0m[[0m[0mdebug[0m] [0m[0m> Exec(run roms/3-corax+.ch8, Some(f483eb15-f621-4867-9ee3-46884c2a2aac), Some(CommandSource(console0)))[0m
[0m[[0m[0mdebug[0m] [0m[0mEvaluating tasks: Compile / run[0m
[0m[[0m[0mdebug[0m] [0m[0mRunning task... Cancel: Signal, check cycles: false, forcegc: true[0m
[0m[[0m[0minfo[0m] [0m[0mcompiling 2 Scala sources to /home/marwandr/Uni/chip8/target/scala-2.12/classes ...[0m
[0m[[0m[31merror[0m] [0m[0mjava.lang.RuntimeException: java.lang.NoSuchMethodException: chip8.Chip8EmulatorGUI.<init>()[0m
[0m[[0m[31merror[0m] [0m[0m	at processing.core.PApplet.runSketch(PApplet.java:10697)[0m
[0m[[0m[31merror[0m] [0m[0m	at processing.core.PApplet.main(PApplet.java:10504)[0m
[0m[[0m[31merror[0m] [0m[0m	at processing.core.PApplet.main(PApplet.java:10486)[0m
[0m[[0m[31merror[0m] [0m[0m	at chip8.Chip8Emulator$.main(chip8.scala:518)[0m
[0m[[0m[31merror[0m] [0m[0m	at chip8.Chip8Emulator.main(chip8.scala)[0m
[0m[[0m[31merror[0m] [0m[0m	at java.base/jdk.internal.reflect.DirectMethodHandleAccessor.invoke(DirectMethodHandleAccessor.java:103)[0m
[0m[[0m[31merror[0m] [0m[0m	at java.base/java.lang.reflect.Method.invoke(Method.java:580)[0m
[0m[[0m[31merror[0m] [0m[0m	at sbt.Run.invokeMain(Run.scala:144)[0m
[0m[[0m[31merror[0m] [0m[0m	at sbt.Run.execute$1(Run.scala:94)[0m
[0m[[0m[31merror[0m] [0m[0m	at sbt.Run.$anonfun$runWithLoader$5(Run.scala:121)[0m
[0m[[0m[31merror[0m] [0m[0m	at sbt.Run$.executeSuccess(Run.scala:187)[0m
[0m[[0m[31merror[0m] [0m[0m	at sbt.Run.runWithLoader(Run.scala:121)[0m
[0m[[0m[31merror[0m] [0m[0m	at sbt.Defaults$.$anonfun$bgRunTask$6(Defaults.scala:1988)[0m
[0m[[0m[31merror[0m] [0m[0m	at sbt.Defaults$.$anonfun$termWrapper$2(Defaults.scala:1927)[0m
[0m[[0m[31merror[0m] [0m[0m	at scala.runtime.java8.JFunction0$mcV$sp.apply(JFunction0$mcV$sp.java:23)[0m
[0m[[0m[31merror[0m] [0m[0m	at scala.util.Try$.apply(Try.scala:213)[0m
[0m[[0m[31merror[0m] [0m[0m	at sbt.internal.BackgroundThreadPool$BackgroundRunnable.run(DefaultBackgroundJobService.scala:367)[0m
[0m[[0m[31merror[0m] [0m[0m	at java.base/java.util.concurrent.ThreadPoolExecutor.runWorker(ThreadPoolExecutor.java:1144)[0m
[0m[[0m[31merror[0m] [0m[0m	at java.base/java.util.concurrent.ThreadPoolExecutor$Worker.run(ThreadPoolExecutor.java:642)[0m
[0m[[0m[31merror[0m] [0m[0m	at java.base/java.lang.Thread.run(Thread.java:1583)[0m
[0m[[0m[31merror[0m] [0m[0mCaused by: java.lang.NoSuchMethodException: chip8.Chip8EmulatorGUI.<init>()[0m
[0m[[0m[31merror[0m] [0m[0m	at java.base/java.lang.Class.getConstructor0(Class.java:3761)[0m
[0m[[0m[31merror[0m] [0m[0m	at java.base/java.lang.Class.getDeclaredConstructor(Class.java:2930)[0m
[0m[[0m[31merror[0m] [0m[0m	at processing.core.PApplet.runSketch(PApplet.java:10691)[0m
[0m[[0m[31merror[0m] [0m[0m	at processing.core.PApplet.main(PApplet.java:10504)[0m
[0m[[0m[31merror[0m] [0m[0m	at processing.core.PApplet.main(PApplet.java:10486)[0m
[0m[[0m[31merror[0m] [0m[0m	at chip8.Chip8Emulator$.main(chip8.scala:518)[0m
[0m[[0m[31merror[0m] [0m[0m	at chip8.Chip8Emulator.main(chip8.scala)[0m
[0m[[0m[31merror[0m] [0m[0m	at java.base/jdk.internal.reflect.DirectMethodHandleAccessor.invoke(DirectMethodHandleAccessor.java:103)[0m
[0m[[0m[31merror[0m] [0m[0m	at java.base/java.lang.reflect.Method.invoke(Method.java:580)[0m
[0m[[0m[31merror[0m] [0m[0m	at sbt.Run.invokeMain(Run.scala:144)[0m
[0m[[0m[31merror[0m] [0m[0m	at sbt.Run.execute$1(Run.scala:94)[0m
[0m[[0m[31merror[0m] [0m[0m	at sbt.Run.$anonfun$runWithLoader$5(Run.scala:121)[0m
[0m[[0m[31merror[0m] [0m[0m	at sbt.Run$.executeSuccess(Run.scala:187)[0m
[0m[[0m[31merror[0m] [0m[0m	at sbt.Run.runWithLoader(Run.scala:121)[0m
[0m[[0m[31merror[0m] [0m[0m	at sbt.Defaults$.$anonfun$bgRunTask$6(Defaults.scala:1988)[0m
[0m[[0m[31merror[0m] [0m[0m	at sbt.Defaults$.$anonfun$termWrapper$2(Defaults.scala:1927)[0m
[0m[[0m[31merror[0m] [0m[0m	at scala.runtime.java8.JFunction0$mcV$sp.apply(JFunction0$mcV$sp.java:23)[0m
[0m[[0m[31merror[0m] [0m[0m	at scala.util.Try$.apply(Try.scala:213)[0m
[0m[[0m[31merror[0m] [0m[0m	at sbt.internal.BackgroundThreadPool$BackgroundRunnable.run(DefaultBackgroundJobService.scala:367)[0m
[0m[[0m[31merror[0m] [0m[0m	at java.base/java.util.concurrent.ThreadPoolExecutor.runWorker(ThreadPoolExecutor.java:1144)[0m
[0m[[0m[31merror[0m] [0m[0m	at java.base/java.util.concurrent.ThreadPoolExecutor$Worker.run(ThreadPoolExecutor.java:642)[0m
[0m[[0m[31merror[0m] [0m[0m	at java.base/java.lang.Thread.run(Thread.java:1583)[0m
[0m[[0m[31merror[0m] [0m[0m(Compile / [31mrun[0m) java.lang.NoSuchMethodException: chip8.Chip8EmulatorGUI.<init>()[0m
[0m[[0m[31merror[0m] [0m[0mTotal time: 4 s, completed Oct 23, 2024, 8:56:23 PM[0m
[0m[[0m[0mdebug[0m] [0m[0m> Exec(shell, None, None)[0m
[0m[[0m[0mdebug[0m] [0m[0mForcing garbage collection...[0m
