2024.10.24 00:45:18 INFO  Started: Metals version 1.3.5 in folders '/home/marwandr/Uni/chip8' for client Visual Studio Code 1.94.2.
SLF4J(W): Class path contains multiple SLF4J providers.
SLF4J(W): Found provider [scribe.slf4j.ScribeServiceProvider@2a7b904d]
SLF4J(W): Found provider [ch.qos.logback.classic.spi.LogbackServiceProvider@17f52b7e]
SLF4J(W): See https://www.slf4j.org/codes.html#multiple_bindings for an explanation.
SLF4J(I): Actual provider is of type [scribe.slf4j.ScribeServiceProvider@2a7b904d]
2024.10.24 00:45:18 WARN  Flyway upgrade recommended: H2 2.3.230 is newer than this version of Flyway and support has not been tested. The latest supported version of H2 is 2.2.220.
2024.10.24 00:45:20 INFO  Attempting to connect to the build server...
2024.10.24 00:45:20 INFO  tracing is disabled for protocol BSP, to enable tracing of incoming and outgoing JSON messages create an empty file at /home/marwandr/Uni/chip8/.metals/bsp.trace.json or /home/marwandr/.cache/metals/bsp.trace.json
2024.10.24 00:45:20 INFO  time: Connected to build server in 0.75s
2024.10.24 00:45:20 INFO  Connected to Build server: Bloop v1.6.0
2024.10.24 00:45:20 INFO  running doctor check
2024.10.24 00:45:20 INFO  java targets: chip8-test, chip8
2024.10.24 00:45:23 INFO  Shutting down server
2024.10.24 00:45:23 INFO  shutting down Metals
2024.10.24 00:45:23 INFO  Shut down connection with build server.
2024.10.24 00:45:23 INFO  Exiting server
2024.10.24 00:45:27 INFO  Started: Metals version 1.3.5 in folders '/home/marwandr/Uni/chip8' for client Visual Studio Code 1.94.2.
SLF4J(W): Class path contains multiple SLF4J providers.
SLF4J(W): Found provider [scribe.slf4j.ScribeServiceProvider@45372436]
SLF4J(W): Found provider [ch.qos.logback.classic.spi.LogbackServiceProvider@5b92a9c6]
SLF4J(W): See https://www.slf4j.org/codes.html#multiple_bindings for an explanation.
SLF4J(I): Actual provider is of type [scribe.slf4j.ScribeServiceProvider@45372436]
2024.10.24 00:45:27 WARN  Flyway upgrade recommended: H2 2.3.230 is newer than this version of Flyway and support has not been tested. The latest supported version of H2 is 2.2.220.
2024.10.24 00:45:29 INFO  Attempting to connect to the build server...
2024.10.24 00:45:29 INFO  tracing is disabled for protocol BSP, to enable tracing of incoming and outgoing JSON messages create an empty file at /home/marwandr/Uni/chip8/.metals/bsp.trace.json or /home/marwandr/.cache/metals/bsp.trace.json
2024.10.24 00:45:29 INFO  time: Connected to build server in 0.99s
2024.10.24 00:45:29 INFO  Connected to Build server: Bloop v1.6.0
2024.10.24 00:45:30 INFO  time: Imported build in 0.12s
2024.10.24 00:45:30 INFO  running doctor check
2024.10.24 00:45:30 INFO  java targets: chip8-test, chip8
2024.10.24 00:45:34 WARN  Could not find java sources in /usr/lib/jvm/src.zip, /usr/lib/jvm/lib/src.zip, /usr/lib/jvm/java-17-openjdk-amd64/src.zip, /usr/lib/jvm/java-17-openjdk-amd64/lib/src.zip, /usr/lib/jvm/src.zip, /usr/lib/jvm/lib/src.zip, /usr/lib/jvm/java-17-openjdk-amd64/src.zip, /usr/lib/jvm/java-17-openjdk-amd64/lib/src.zip, /usr/lib/jvm/src.zip, /usr/lib/jvm/lib/src.zip, /usr/lib/jvm/java-17-openjdk-amd64/src.zip, /usr/lib/jvm/java-17-openjdk-amd64/lib/src.zip. Java symbols will not be available.
Oct 24, 2024 12:45:37 AM org.eclipse.lsp4j.jsonrpc.RemoteEndpoint handleCancellation
WARNING: Unmatched cancel notification for request id 1
2024.10.24 00:45:40 WARN  Could not find java sources in /usr/lib/jvm/src.zip, /usr/lib/jvm/lib/src.zip, /usr/lib/jvm/java-17-openjdk-amd64/src.zip, /usr/lib/jvm/java-17-openjdk-amd64/lib/src.zip, /usr/lib/jvm/src.zip, /usr/lib/jvm/lib/src.zip, /usr/lib/jvm/java-17-openjdk-amd64/src.zip, /usr/lib/jvm/java-17-openjdk-amd64/lib/src.zip, /usr/lib/jvm/src.zip, /usr/lib/jvm/lib/src.zip, /usr/lib/jvm/java-17-openjdk-amd64/src.zip, /usr/lib/jvm/java-17-openjdk-amd64/lib/src.zip. Java symbols will not be available.
2024.10.24 00:45:40 INFO  time: indexed workspace in 9.78s
2024.10.24 00:45:40 WARN  no build target for: /home/marwandr/Uni/chip8/build.sbt
2024.10.24 00:45:40 INFO  no build target found for /home/marwandr/Uni/chip8/build.sbt. Using presentation compiler with project's scala-library version: 2.12.19
